Determining if the Q_WS_WIN exist failed with the following output:
Change Dir: /home/bryce/Documentos/proyectos/AED/AED-Traductor/CMakeFiles/CMakeTmp

Run Build Command:"/usr/bin/make" "cmTryCompileExec2381538983/fast"
/usr/bin/make -f CMakeFiles/cmTryCompileExec2381538983.dir/build.make CMakeFiles/cmTryCompileExec2381538983.dir/build
make[1]: se ingresa al directorio «/home/bryce/Documentos/proyectos/AED/AED-Traductor/CMakeFiles/CMakeTmp»
/usr/bin/cmake -E cmake_progress_report /home/bryce/Documentos/proyectos/AED/AED-Traductor/CMakeFiles/CMakeTmp/CMakeFiles 1
Building CXX object CMakeFiles/cmTryCompileExec2381538983.dir/CheckSymbolExists.cxx.o
/usr/bin/c++    -I/usr/include/qt4    -o CMakeFiles/cmTryCompileExec2381538983.dir/CheckSymbolExists.cxx.o -c /home/bryce/Documentos/proyectos/AED/AED-Traductor/CMakeFiles/CMakeTmp/CheckSymbolExists.cxx
/home/bryce/Documentos/proyectos/AED/AED-Traductor/CMakeFiles/CMakeTmp/CheckSymbolExists.cxx: In function ‘int main(int, char**)’:
/home/bryce/Documentos/proyectos/AED/AED-Traductor/CMakeFiles/CMakeTmp/CheckSymbolExists.cxx:8:19: error: ‘Q_WS_WIN’ was not declared in this scope
   return ((int*)(&Q_WS_WIN))[argc];
                   ^
make[1]: *** [CMakeFiles/cmTryCompileExec2381538983.dir/CheckSymbolExists.cxx.o] Error 1
make[1]: se sale del directorio «/home/bryce/Documentos/proyectos/AED/AED-Traductor/CMakeFiles/CMakeTmp»
make: *** [cmTryCompileExec2381538983/fast] Error 2

File /home/bryce/Documentos/proyectos/AED/AED-Traductor/CMakeFiles/CMakeTmp/CheckSymbolExists.cxx:
/* */
#include <QtCore/qglobal.h>

int main(int argc, char** argv)
{
  (void)argv;
#ifndef Q_WS_WIN
  return ((int*)(&Q_WS_WIN))[argc];
#else
  (void)argc;
  return 0;
#endif
}

Determining if the Q_WS_QWS exist failed with the following output:
Change Dir: /home/bryce/Documentos/proyectos/AED/AED-Traductor/CMakeFiles/CMakeTmp

Run Build Command:"/usr/bin/make" "cmTryCompileExec68290850/fast"
/usr/bin/make -f CMakeFiles/cmTryCompileExec68290850.dir/build.make CMakeFiles/cmTryCompileExec68290850.dir/build
make[1]: se ingresa al directorio «/home/bryce/Documentos/proyectos/AED/AED-Traductor/CMakeFiles/CMakeTmp»
/usr/bin/cmake -E cmake_progress_report /home/bryce/Documentos/proyectos/AED/AED-Traductor/CMakeFiles/CMakeTmp/CMakeFiles 1
Building CXX object CMakeFiles/cmTryCompileExec68290850.dir/CheckSymbolExists.cxx.o
/usr/bin/c++    -I/usr/include/qt4    -o CMakeFiles/cmTryCompileExec68290850.dir/CheckSymbolExists.cxx.o -c /home/bryce/Documentos/proyectos/AED/AED-Traductor/CMakeFiles/CMakeTmp/CheckSymbolExists.cxx
/home/bryce/Documentos/proyectos/AED/AED-Traductor/CMakeFiles/CMakeTmp/CheckSymbolExists.cxx: In function ‘int main(int, char**)’:
/home/bryce/Documentos/proyectos/AED/AED-Traductor/CMakeFiles/CMakeTmp/CheckSymbolExists.cxx:8:19: error: ‘Q_WS_QWS’ was not declared in this scope
   return ((int*)(&Q_WS_QWS))[argc];
                   ^
make[1]: *** [CMakeFiles/cmTryCompileExec68290850.dir/CheckSymbolExists.cxx.o] Error 1
make[1]: se sale del directorio «/home/bryce/Documentos/proyectos/AED/AED-Traductor/CMakeFiles/CMakeTmp»
make: *** [cmTryCompileExec68290850/fast] Error 2

File /home/bryce/Documentos/proyectos/AED/AED-Traductor/CMakeFiles/CMakeTmp/CheckSymbolExists.cxx:
/* */
#include <QtCore/qglobal.h>

int main(int argc, char** argv)
{
  (void)argv;
#ifndef Q_WS_QWS
  return ((int*)(&Q_WS_QWS))[argc];
#else
  (void)argc;
  return 0;
#endif
}

Determining if the Q_WS_MAC exist failed with the following output:
Change Dir: /home/bryce/Documentos/proyectos/AED/AED-Traductor/CMakeFiles/CMakeTmp

Run Build Command:"/usr/bin/make" "cmTryCompileExec2321934519/fast"
/usr/bin/make -f CMakeFiles/cmTryCompileExec2321934519.dir/build.make CMakeFiles/cmTryCompileExec2321934519.dir/build
make[1]: se ingresa al directorio «/home/bryce/Documentos/proyectos/AED/AED-Traductor/CMakeFiles/CMakeTmp»
/usr/bin/cmake -E cmake_progress_report /home/bryce/Documentos/proyectos/AED/AED-Traductor/CMakeFiles/CMakeTmp/CMakeFiles 1
Building CXX object CMakeFiles/cmTryCompileExec2321934519.dir/CheckSymbolExists.cxx.o
/usr/bin/c++    -I/usr/include/qt4    -o CMakeFiles/cmTryCompileExec2321934519.dir/CheckSymbolExists.cxx.o -c /home/bryce/Documentos/proyectos/AED/AED-Traductor/CMakeFiles/CMakeTmp/CheckSymbolExists.cxx
/home/bryce/Documentos/proyectos/AED/AED-Traductor/CMakeFiles/CMakeTmp/CheckSymbolExists.cxx: In function ‘int main(int, char**)’:
/home/bryce/Documentos/proyectos/AED/AED-Traductor/CMakeFiles/CMakeTmp/CheckSymbolExists.cxx:8:19: error: ‘Q_WS_MAC’ was not declared in this scope
   return ((int*)(&Q_WS_MAC))[argc];
                   ^
make[1]: *** [CMakeFiles/cmTryCompileExec2321934519.dir/CheckSymbolExists.cxx.o] Error 1
make[1]: se sale del directorio «/home/bryce/Documentos/proyectos/AED/AED-Traductor/CMakeFiles/CMakeTmp»
make: *** [cmTryCompileExec2321934519/fast] Error 2

File /home/bryce/Documentos/proyectos/AED/AED-Traductor/CMakeFiles/CMakeTmp/CheckSymbolExists.cxx:
/* */
#include <QtCore/qglobal.h>

int main(int argc, char** argv)
{
  (void)argv;
#ifndef Q_WS_MAC
  return ((int*)(&Q_WS_MAC))[argc];
#else
  (void)argc;
  return 0;
#endif
}

